start -> (0, 0)
{ -> (0, 0)
var -> (0, 0)
int -> (0, 0)
id -> (12, 0)
; -> (0, 0)
int -> (0, 0)
id -> (3, 0)
; -> (0, 0)
int -> (0, 0)
id -> (1, 0)
; -> (0, 0)
; -> (0, 0)
- -> (0, 0)
const -> (14, 0)
scan -> (0, 0)
( -> (0, 0)
id -> (12, 0)
) -> (0, 0)
; -> (0, 0)
id -> (13, 0)
= -> (0, 0)
const -> (9, 0)
; -> (0, 0)
id -> (1, 0)
= -> (0, 0)
const -> (14, 0)
; -> (0, 0)
while -> (0, 0)
( -> (0, 0)
id -> (13, 0)
<= -> (0, 0)
id -> (12, 0)
) -> (0, 0)
{ -> (0, 0)
if -> (0, 0)
( -> (0, 0)
id -> (12, 0)
% -> (0, 0)
id -> (13, 0)
== -> (0, 0)
const -> (14, 0)
) -> (0, 0)
{ -> (0, 0)
id -> (1, 0)
= -> (0, 0)
id -> (1, 0)
+ -> (0, 0)
id -> (13, 0)
; -> (0, 0)
} -> (0, 0)
id -> (13, 0)
= -> (0, 0)
id -> (13, 0)
+ -> (0, 0)
const -> (15, 0)
; -> (0, 0)
} -> (0, 0)
print -> (0, 0)
( -> (0, 0)
id -> (1, 0)
) -> (0, 0)
; -> (0, 0)
} -> (0, 0)
